# JRE version: OpenJDK Runtime Environment (8.0_242-b01) (build 1.8.0_242-release-1644-b01)
# Java VM: OpenJDK 64-Bit Server VM (25.242-b01 mixed mode windows-amd64 compressed oops)
Heap:
 PSYoungGen      total 604160K, used 340955K [0x00000000d5580000, 0x00000000ff280000, 0x0000000100000000)
  eden space 524288K, 58% used [0x00000000d5580000,0x00000000e8321610,0x00000000f5580000)
  from space 79872K, 40% used [0x00000000fa480000,0x00000000fc3d5890,0x00000000ff280000)
  to   space 80384K, 0% used [0x00000000f5580000,0x00000000f5580000,0x00000000fa400000)
 ParOldGen       total 264192K, used 118368K [0x0000000080000000, 0x0000000090200000, 0x00000000d5580000)
  object space 264192K, 44% used [0x0000000080000000,0x00000000873982b0,0x0000000090200000)
 Metaspace       used 129531K, capacity 139914K, committed 140236K, reserved 1171456K
  class space    used 16688K, capacity 18488K, committed 18688K, reserved 1048576K
GC Heap History (10 events):
Event: 3722.989 GC heap before
{Heap before GC invocations=45 (full 5):
 PSYoungGen      total 509440K, used 509254K [0x00000000d5580000, 0x00000000ffc00000, 0x0000000100000000)
  eden space 497152K, 100% used [0x00000000d5580000,0x00000000f3b00000,0x00000000f3b00000)
  from space 12288K, 98% used [0x00000000f3b00000,0x00000000f46d19b0,0x00000000f4700000)
  to   space 98816K, 0% used [0x00000000f9b80000,0x00000000f9b80000,0x00000000ffc00000)
 ParOldGen       total 264192K, used 118328K [0x0000000080000000, 0x0000000090200000, 0x00000000d5580000)
  object space 264192K, 44% used [0x0000000080000000,0x000000008738e2b0,0x0000000090200000)
 Metaspace       used 125136K, capacity 133600K, committed 138316K, reserved 1169408K
  class space    used 16127K, capacity 17644K, committed 18560K, reserved 1048576K
Event: 3723.018 GC heap after
Heap after GC invocations=45 (full 5):
 PSYoungGen      total 598016K, used 10912K [0x00000000d5580000, 0x0000000100000000, 0x0000000100000000)
  eden space 499200K, 0% used [0x00000000d5580000,0x00000000d5580000,0x00000000f3d00000)
  from space 98816K, 11% used [0x00000000f9b80000,0x00000000fa6281b0,0x00000000ffc00000)
  to   space 96768K, 0% used [0x00000000f3d00000,0x00000000f3d00000,0x00000000f9b80000)
 ParOldGen       total 264192K, used 118336K [0x0000000080000000, 0x0000000090200000, 0x00000000d5580000)
  object space 264192K, 44% used [0x0000000080000000,0x00000000873902b0,0x0000000090200000)
 Metaspace       used 125136K, capacity 133600K, committed 138316K, reserved 1169408K
  class space    used 16127K, capacity 17644K, committed 18560K, reserved 1048576K
}
Event: 3803.689 GC heap before
{Heap before GC invocations=46 (full 5):
 PSYoungGen      total 598016K, used 510112K [0x00000000d5580000, 0x0000000100000000, 0x0000000100000000)
  eden space 499200K, 100% used [0x00000000d5580000,0x00000000f3d00000,0x00000000f3d00000)
  from space 98816K, 11% used [0x00000000f9b80000,0x00000000fa6281b0,0x00000000ffc00000)
  to   space 96768K, 0% used [0x00000000f3d00000,0x00000000f3d00000,0x00000000f9b80000)
 ParOldGen       total 264192K, used 118336K [0x0000000080000000, 0x0000000090200000, 0x00000000d5580000)
  object space 264192K, 44% used [0x0000000080000000,0x00000000873902b0,0x0000000090200000)
 Metaspace       used 125414K, capacity 133886K, committed 138316K, reserved 1169408K
  class space    used 16140K, capacity 17667K, committed 18560K, reserved 1048576K
Event: 3803.714 GC heap after
Heap after GC invocations=46 (full 5):
 PSYoungGen      total 529408K, used 29970K [0x00000000d5580000, 0x00000000ff300000, 0x0000000100000000)
  eden space 499200K, 0% used [0x00000000d5580000,0x00000000d5580000,0x00000000f3d00000)
  from space 30208K, 99% used [0x00000000f3d00000,0x00000000f5a44900,0x00000000f5a80000)
  to   space 91136K, 0% used [0x00000000f9a00000,0x00000000f9a00000,0x00000000ff300000)
 ParOldGen       total 264192K, used 118344K [0x0000000080000000, 0x0000000090200000, 0x00000000d5580000)
  object space 264192K, 44% used [0x0000000080000000,0x00000000873922b0,0x0000000090200000)
 Metaspace       used 125414K, capacity 133886K, committed 138316K, reserved 1169408K
  class space    used 16140K, capacity 17667K, committed 18560K, reserved 1048576K
}
Event: 3932.466 GC heap before
{Heap before GC invocations=47 (full 5):
 PSYoungGen      total 529408K, used 529170K [0x00000000d5580000, 0x00000000ff300000, 0x0000000100000000)
  eden space 499200K, 100% used [0x00000000d5580000,0x00000000f3d00000,0x00000000f3d00000)
  from space 30208K, 99% used [0x00000000f3d00000,0x00000000f5a44900,0x00000000f5a80000)
  to   space 91136K, 0% used [0x00000000f9a00000,0x00000000f9a00000,0x00000000ff300000)
 ParOldGen       total 264192K, used 118344K [0x0000000080000000, 0x0000000090200000, 0x00000000d5580000)
  object space 264192K, 44% used [0x0000000080000000,0x00000000873922b0,0x0000000090200000)
 Metaspace       used 126719K, capacity 136564K, committed 138828K, reserved 1169408K
  class space    used 16355K, capacity 18058K, committed 18560K, reserved 1048576K
Event: 3932.482 GC heap after
Heap after GC invocations=47 (full 5):
 PSYoungGen      total 598016K, used 17930K [0x00000000d5580000, 0x0000000100000000, 0x0000000100000000)
  eden space 506880K, 0% used [0x00000000d5580000,0x00000000d5580000,0x00000000f4480000)
  from space 91136K, 19% used [0x00000000f9a00000,0x00000000fab828f0,0x00000000ff300000)
  to   space 87552K, 0% used [0x00000000f4480000,0x00000000f4480000,0x00000000f9a00000)
 ParOldGen       total 264192K, used 118352K [0x0000000080000000, 0x0000000090200000, 0x00000000d5580000)
  object space 264192K, 44% used [0x0000000080000000,0x00000000873942b0,0x0000000090200000)
 Metaspace       used 126719K, capacity 136564K, committed 138828K, reserved 1169408K
  class space    used 16355K, capacity 18058K, committed 18560K, reserved 1048576K
}
Event: 3951.165 GC heap before
{Heap before GC invocations=48 (full 5):
 PSYoungGen      total 598016K, used 524810K [0x00000000d5580000, 0x0000000100000000, 0x0000000100000000)
  eden space 506880K, 100% used [0x00000000d5580000,0x00000000f4480000,0x00000000f4480000)
  from space 91136K, 19% used [0x00000000f9a00000,0x00000000fab828f0,0x00000000ff300000)
  to   space 87552K, 0% used [0x00000000f4480000,0x00000000f4480000,0x00000000f9a00000)
 ParOldGen       total 264192K, used 118352K [0x0000000080000000, 0x0000000090200000, 0x00000000d5580000)
  object space 264192K, 44% used [0x0000000080000000,0x00000000873942b0,0x0000000090200000)
 Metaspace       used 127082K, capacity 137228K, committed 139468K, reserved 1169408K
  class space    used 16403K, capacity 18146K, committed 18688K, reserved 1048576K
Event: 3951.174 GC heap after
Heap after GC invocations=48 (full 5):
 PSYoungGen      total 594432K, used 13086K [0x00000000d5580000, 0x00000000ff780000, 0x0000000100000000)
  eden space 506880K, 0% used [0x00000000d5580000,0x00000000d5580000,0x00000000f4480000)
  from space 87552K, 14% used [0x00000000f4480000,0x00000000f5147b28,0x00000000f9a00000)
  to   space 84992K, 0% used [0x00000000fa480000,0x00000000fa480000,0x00000000ff780000)
 ParOldGen       total 264192K, used 118360K [0x0000000080000000, 0x0000000090200000, 0x00000000d5580000)
  object space 264192K, 44% used [0x0000000080000000,0x00000000873962b0,0x0000000090200000)
 Metaspace       used 127082K, capacity 137228K, committed 139468K, reserved 1169408K
  class space    used 16403K, capacity 18146K, committed 18688K, reserved 1048576K
}
Event: 4567.035 GC heap before
{Heap before GC invocations=49 (full 5):
 PSYoungGen      total 594432K, used 519966K [0x00000000d5580000, 0x00000000ff780000, 0x0000000100000000)
  eden space 506880K, 100% used [0x00000000d5580000,0x00000000f4480000,0x00000000f4480000)
  from space 87552K, 14% used [0x00000000f4480000,0x00000000f5147b28,0x00000000f9a00000)
  to   space 84992K, 0% used [0x00000000fa480000,0x00000000fa480000,0x00000000ff780000)
 ParOldGen       total 264192K, used 118360K [0x0000000080000000, 0x0000000090200000, 0x00000000d5580000)
  object space 264192K, 44% used [0x0000000080000000,0x00000000873962b0,0x0000000090200000)
 Metaspace       used 129456K, capacity 139838K, committed 140236K, reserved 1171456K
  class space    used 16686K, capacity 18486K, committed 18688K, reserved 1048576K
Event: 4567.066 GC heap after
Heap after GC invocations=49 (full 5):
 PSYoungGen      total 604160K, used 32086K [0x00000000d5580000, 0x00000000ff280000, 0x0000000100000000)
  eden space 524288K, 0% used [0x00000000d5580000,0x00000000d5580000,0x00000000f5580000)
  from space 79872K, 40% used [0x00000000fa480000,0x00000000fc3d5890,0x00000000ff280000)
  to   space 80384K, 0% used [0x00000000f5580000,0x00000000f5580000,0x00000000fa400000)
 ParOldGen       total 264192K, used 118368K [0x0000000080000000, 0x0000000090200000, 0x00000000d5580000)
  object space 264192K, 44% used [0x0000000080000000,0x00000000873982b0,0x0000000090200000)
 Metaspace       used 129456K, capacity 139838K, committed 140236K, reserved 1171456K
  class space    used 16686K, capacity 18486K, committed 18688K, reserved 1048576K
}

